[DEBUG] 2023-08-24 09:46:20.687 [main] UserTests2 - debugging ***********
[INFO ] 2023-08-24 09:46:20.718 [main] UserTests2 - *****Creating the User*****
[INFO ] 2023-08-24 09:46:25.269 [main] UserTests2 - *****Getting  the User Data*****
[INFO ] 2023-08-24 09:46:26.777 [main] UserTests2 - *****Updating  the User Data*****
[INFO ] 2023-08-24 09:46:28.263 [main] UserTests2 - *****Deleting the User Data*****
[DEBUG] 2023-08-24 09:46:58.439 [main] UserTests2 - debugging ***********
[INFO ] 2023-08-24 09:46:58.454 [main] UserTests2 - *****Creating the User*****
[INFO ] 2023-08-24 09:47:02.350 [main] UserTests2 - *****Getting  the User Data*****
[INFO ] 2023-08-24 09:47:03.883 [main] UserTests2 - *****Updating  the User Data*****
[INFO ] 2023-08-24 09:47:05.309 [main] UserTests2 - *****Deleting the User Data*****
[DEBUG] 2023-08-24 09:49:30.297 [main] UserTests2 - debugging ***********
[INFO ] 2023-08-24 09:49:30.313 [main] UserTests2 - *****Creating the User*****
[INFO ] 2023-08-24 09:49:34.093 [main] UserTests2 - *****Getting  the User Data*****
[INFO ] 2023-08-24 09:49:35.625 [main] UserTests2 - *****Updating  the User Data*****
[INFO ] 2023-08-24 09:49:37.086 [main] UserTests2 - *****Deleting the User Data*****
[DEBUG] 2023-08-24 10:10:11.573 [main] UserTests2 - debugging ***********
[INFO ] 2023-08-24 10:10:11.589 [main] UserTests2 - *****Creating the User*****
[INFO ] 2023-08-24 10:10:15.416 [main] UserTests2 - *****Getting  the User Data*****
[INFO ] 2023-08-24 10:10:16.838 [main] UserTests2 - *****Updating  the User Data*****
[INFO ] 2023-08-24 10:10:18.260 [main] UserTests2 - *****Deleting the User Data*****
[DEBUG] 2023-08-24 12:13:13.601 [main] UserTests2 - debugging ***********
[INFO ] 2023-08-24 12:13:13.635 [main] UserTests2 - *****Creating the User*****
[INFO ] 2023-08-24 12:13:19.053 [main] UserTests2 - *****Getting  the User Data*****
[INFO ] 2023-08-24 12:13:20.911 [main] UserTests2 - *****Updating  the User Data*****
[INFO ] 2023-08-24 12:13:22.727 [main] UserTests2 - *****Deleting the User Data*****
[DEBUG] 2023-08-24 12:53:41.848 [main] UserTests2 - debugging ***********
[INFO ] 2023-08-24 12:53:41.890 [main] UserTests2 - *****Creating the User*****
[INFO ] 2023-08-24 12:53:47.446 [main] UserTests2 - *****Getting  the User Data*****
[INFO ] 2023-08-24 12:53:49.489 [main] UserTests2 - *****Updating  the User Data*****
[INFO ] 2023-08-24 12:53:51.407 [main] UserTests2 - *****Deleting the User Data*****
[DEBUG] 2023-08-24 13:25:20.663 [main] UserTests2 - debugging ***********
[INFO ] 2023-08-24 13:25:20.695 [main] UserTests2 - *****Creating the User*****
[INFO ] 2023-08-24 13:25:26.635 [main] UserTests2 - *****Getting  the User Data*****
[INFO ] 2023-08-24 13:25:28.733 [main] UserTests2 - *****Updating  the User Data*****
[INFO ] 2023-08-24 13:25:30.966 [main] UserTests2 - *****Deleting the User Data*****
[DEBUG] 2023-08-24 17:14:51.296 [main] UserTests2 - debugging ***********
[INFO ] 2023-08-24 17:14:51.336 [main] UserTests2 - *****Creating the User*****
[INFO ] 2023-08-24 17:14:57.218 [main] UserTests2 - *****Getting  the User Data*****
[INFO ] 2023-08-24 17:14:58.958 [main] UserTests2 - *****Updating  the User Data*****
[INFO ] 2023-08-24 17:15:00.785 [main] UserTests2 - *****Deleting the User Data*****
[DEBUG] 2023-08-24 18:30:40.411 [main] UserTests2 - debugging ***********
[INFO ] 2023-08-24 18:30:40.458 [main] UserTests2 - *****Creating the User*****
[INFO ] 2023-08-24 18:30:47.737 [main] UserTests2 - *****Getting  the User Data*****
[INFO ] 2023-08-24 18:30:49.362 [main] UserTests2 - *****Updating  the User Data*****
[INFO ] 2023-08-24 18:30:51.007 [main] UserTests2 - *****Deleting the User Data*****
