[DEBUG] 2023-08-23 09:28:05.859 [main] UserTests2 - debugging ***********
[INFO ] 2023-08-23 09:28:05.900 [main] UserTests2 - *****Creating the User*****
[INFO ] 2023-08-23 09:28:10.793 [main] UserTests2 - *****Getting  the User Data*****
[INFO ] 2023-08-23 09:28:10.878 [main] UserTests2 - *****Updating  the User Data*****
[INFO ] 2023-08-23 09:28:10.948 [main] UserTests2 - *****Deleting the User Data*****
[DEBUG] 2023-08-23 09:28:38.587 [main] UserTests2 - debugging ***********
[INFO ] 2023-08-23 09:28:38.691 [main] UserTests2 - *****Creating the User*****
[INFO ] 2023-08-23 09:28:46.545 [main] UserTests2 - *****Getting  the User Data*****
[INFO ] 2023-08-23 09:28:48.060 [main] UserTests2 - *****Updating  the User Data*****
[INFO ] 2023-08-23 09:28:49.543 [main] UserTests2 - *****Deleting the User Data*****
[DEBUG] 2023-08-23 09:44:00.469 [main] UserTests2 - debugging ***********
[INFO ] 2023-08-23 09:44:00.539 [main] UserTests2 - *****Creating the User*****
[INFO ] 2023-08-23 09:44:09.851 [main] UserTests2 - *****Getting  the User Data*****
[INFO ] 2023-08-23 09:44:11.386 [main] UserTests2 - *****Updating  the User Data*****
[INFO ] 2023-08-23 09:44:12.875 [main] UserTests2 - *****Deleting the User Data*****
[DEBUG] 2023-08-23 09:46:09.679 [main] UserTests2 - debugging ***********
[INFO ] 2023-08-23 09:46:09.720 [main] UserTests2 - *****Creating the User*****
[INFO ] 2023-08-23 09:46:18.617 [main] UserTests2 - *****Getting  the User Data*****
[INFO ] 2023-08-23 09:46:21.345 [main] UserTests2 - *****Updating  the User Data*****
[INFO ] 2023-08-23 09:46:22.759 [main] UserTests2 - *****Deleting the User Data*****
[DEBUG] 2023-08-23 10:04:52.853 [main] UserTests2 - debugging ***********
[INFO ] 2023-08-23 10:04:52.909 [main] UserTests2 - *****Creating the User*****
[INFO ] 2023-08-23 10:05:01.414 [main] UserTests2 - *****Getting  the User Data*****
[INFO ] 2023-08-23 10:05:04.056 [main] UserTests2 - *****Updating  the User Data*****
[INFO ] 2023-08-23 10:05:06.201 [main] UserTests2 - *****Deleting the User Data*****
[DEBUG] 2023-08-23 10:06:16.309 [main] UserTests2 - debugging ***********
[INFO ] 2023-08-23 10:06:16.337 [main] UserTests2 - *****Creating the User*****
[INFO ] 2023-08-23 10:06:25.910 [main] UserTests2 - *****Getting  the User Data*****
[INFO ] 2023-08-23 10:06:27.822 [main] UserTests2 - *****Updating  the User Data*****
[INFO ] 2023-08-23 10:06:29.662 [main] UserTests2 - *****Deleting the User Data*****
[DEBUG] 2023-08-23 10:07:17.771 [main] UserTests2 - debugging ***********
[INFO ] 2023-08-23 10:07:17.801 [main] UserTests2 - *****Creating the User*****
[INFO ] 2023-08-23 10:07:26.235 [main] UserTests2 - *****Getting  the User Data*****
[INFO ] 2023-08-23 10:07:28.244 [main] UserTests2 - *****Updating  the User Data*****
[INFO ] 2023-08-23 10:07:29.878 [main] UserTests2 - *****Deleting the User Data*****
[DEBUG] 2023-08-23 10:08:22.968 [main] UserTests2 - debugging ***********
[INFO ] 2023-08-23 10:08:22.996 [main] UserTests2 - *****Creating the User*****
[INFO ] 2023-08-23 10:08:30.104 [main] UserTests2 - *****Getting  the User Data*****
[INFO ] 2023-08-23 10:08:32.040 [main] UserTests2 - *****Updating  the User Data*****
[INFO ] 2023-08-23 10:08:33.977 [main] UserTests2 - *****Deleting the User Data*****
[DEBUG] 2023-08-23 10:11:35.350 [main] UserTests2 - debugging ***********
[INFO ] 2023-08-23 10:11:35.378 [main] UserTests2 - *****Creating the User*****
[INFO ] 2023-08-23 10:11:43.064 [main] UserTests2 - *****Getting  the User Data*****
[INFO ] 2023-08-23 10:11:44.961 [main] UserTests2 - *****Updating  the User Data*****
[INFO ] 2023-08-23 10:11:46.801 [main] UserTests2 - *****Deleting the User Data*****
[DEBUG] 2023-08-23 12:15:59.055 [main] UserTests2 - debugging ***********
[INFO ] 2023-08-23 12:15:59.093 [main] UserTests2 - *****Creating the User*****
[INFO ] 2023-08-23 12:16:04.543 [main] UserTests2 - *****Getting  the User Data*****
[INFO ] 2023-08-23 12:16:04.659 [main] UserTests2 - *****Updating  the User Data*****
[INFO ] 2023-08-23 12:16:04.793 [main] UserTests2 - *****Deleting the User Data*****
[DEBUG] 2023-08-23 12:16:49.324 [main] UserTests2 - debugging ***********
[INFO ] 2023-08-23 12:16:49.353 [main] UserTests2 - *****Creating the User*****
[INFO ] 2023-08-23 12:16:56.117 [main] UserTests2 - *****Getting  the User Data*****
[INFO ] 2023-08-23 12:16:58.693 [main] UserTests2 - *****Updating  the User Data*****
[INFO ] 2023-08-23 12:17:00.685 [main] UserTests2 - *****Deleting the User Data*****
[DEBUG] 2023-08-23 12:18:51.937 [main] UserTests2 - debugging ***********
[INFO ] 2023-08-23 12:18:51.980 [main] UserTests2 - *****Creating the User*****
[INFO ] 2023-08-23 12:18:58.653 [main] UserTests2 - *****Getting  the User Data*****
[INFO ] 2023-08-23 12:19:00.301 [main] UserTests2 - *****Updating  the User Data*****
[INFO ] 2023-08-23 12:19:01.934 [main] UserTests2 - *****Deleting the User Data*****
[DEBUG] 2023-08-23 12:19:38.303 [main] UserTests2 - debugging ***********
[INFO ] 2023-08-23 12:19:38.337 [main] UserTests2 - *****Creating the User*****
[INFO ] 2023-08-23 12:19:46.455 [main] UserTests2 - *****Getting  the User Data*****
[INFO ] 2023-08-23 12:19:48.124 [main] UserTests2 - *****Updating  the User Data*****
[INFO ] 2023-08-23 12:19:49.652 [main] UserTests2 - *****Deleting the User Data*****
[DEBUG] 2023-08-23 12:25:46.105 [main] UserTests2 - debugging ***********
[INFO ] 2023-08-23 12:25:46.143 [main] UserTests2 - *****Creating the User*****
[INFO ] 2023-08-23 12:25:52.648 [main] UserTests2 - *****Getting  the User Data*****
[INFO ] 2023-08-23 12:25:54.324 [main] UserTests2 - *****Updating  the User Data*****
[INFO ] 2023-08-23 12:25:55.948 [main] UserTests2 - *****Deleting the User Data*****
[DEBUG] 2023-08-23 14:31:06.814 [main] UserTests2 - debugging ***********
[INFO ] 2023-08-23 14:31:06.847 [main] UserTests2 - *****Creating the User*****
[INFO ] 2023-08-23 14:31:13.595 [main] UserTests2 - *****Getting  the User Data*****
[INFO ] 2023-08-23 14:31:14.935 [main] UserTests2 - *****Updating  the User Data*****
[INFO ] 2023-08-23 14:31:16.322 [main] UserTests2 - *****Deleting the User Data*****
[DEBUG] 2023-08-23 15:24:06.062 [main] UserTests2 - debugging ***********
[INFO ] 2023-08-23 15:24:06.092 [main] UserTests2 - *****Creating the User*****
[INFO ] 2023-08-23 15:24:34.510 [main] UserTests2 - *****Getting  the User Data*****
[INFO ] 2023-08-23 15:24:40.200 [main] UserTests2 - *****Updating  the User Data*****
[INFO ] 2023-08-23 15:24:42.138 [main] UserTests2 - *****Deleting the User Data*****
[DEBUG] 2023-08-23 20:11:02.510 [main] UserTests2 - debugging ***********
[INFO ] 2023-08-23 20:11:02.548 [main] UserTests2 - *****Creating the User*****
[INFO ] 2023-08-23 20:11:09.278 [main] UserTests2 - *****Getting  the User Data*****
[INFO ] 2023-08-23 20:11:11.601 [main] UserTests2 - *****Updating  the User Data*****
[INFO ] 2023-08-23 20:11:13.943 [main] UserTests2 - *****Deleting the User Data*****
[DEBUG] 2023-08-23 20:12:22.055 [main] UserTests2 - debugging ***********
[INFO ] 2023-08-23 20:12:22.097 [main] UserTests2 - *****Creating the User*****
[INFO ] 2023-08-23 20:12:28.225 [main] UserTests2 - *****Getting  the User Data*****
[INFO ] 2023-08-23 20:12:30.057 [main] UserTests2 - *****Updating  the User Data*****
[INFO ] 2023-08-23 20:12:32.296 [main] UserTests2 - *****Deleting the User Data*****
[DEBUG] 2023-08-23 20:13:28.546 [main] UserTests2 - debugging ***********
[INFO ] 2023-08-23 20:13:28.587 [main] UserTests2 - *****Creating the User*****
[INFO ] 2023-08-23 20:13:34.263 [main] UserTests2 - *****Getting  the User Data*****
[INFO ] 2023-08-23 20:13:36.085 [main] UserTests2 - *****Updating  the User Data*****
[INFO ] 2023-08-23 20:13:37.722 [main] UserTests2 - *****Deleting the User Data*****
[DEBUG] 2023-08-23 20:27:09.771 [main] UserTests2 - debugging ***********
[INFO ] 2023-08-23 20:27:09.806 [main] UserTests2 - *****Creating the User*****
[INFO ] 2023-08-23 20:27:17.684 [main] UserTests2 - *****Getting  the User Data*****
[INFO ] 2023-08-23 20:27:20.030 [main] UserTests2 - *****Updating  the User Data*****
[INFO ] 2023-08-23 20:27:22.158 [main] UserTests2 - *****Deleting the User Data*****
[DEBUG] 2023-08-23 20:46:02.407 [main] UserTests2 - debugging ***********
[INFO ] 2023-08-23 20:46:02.439 [main] UserTests2 - *****Creating the User*****
[INFO ] 2023-08-23 20:46:11.401 [main] UserTests2 - *****Getting  the User Data*****
[INFO ] 2023-08-23 20:46:14.343 [main] UserTests2 - *****Updating  the User Data*****
[INFO ] 2023-08-23 20:46:41.299 [main] UserTests2 - *****Deleting the User Data*****
