[DEBUG] 2023-08-23 09:28:05.859 [main] UserTests2 - debugging ***********
[INFO ] 2023-08-23 09:28:05.900 [main] UserTests2 - *****Creating the User*****
[INFO ] 2023-08-23 09:28:10.793 [main] UserTests2 - *****Getting  the User Data*****
[INFO ] 2023-08-23 09:28:10.878 [main] UserTests2 - *****Updating  the User Data*****
[INFO ] 2023-08-23 09:28:10.948 [main] UserTests2 - *****Deleting the User Data*****
[DEBUG] 2023-08-23 09:28:38.587 [main] UserTests2 - debugging ***********
[INFO ] 2023-08-23 09:28:38.691 [main] UserTests2 - *****Creating the User*****
[INFO ] 2023-08-23 09:28:46.545 [main] UserTests2 - *****Getting  the User Data*****
[INFO ] 2023-08-23 09:28:48.060 [main] UserTests2 - *****Updating  the User Data*****
[INFO ] 2023-08-23 09:28:49.543 [main] UserTests2 - *****Deleting the User Data*****
[DEBUG] 2023-08-23 09:44:00.469 [main] UserTests2 - debugging ***********
[INFO ] 2023-08-23 09:44:00.539 [main] UserTests2 - *****Creating the User*****
[INFO ] 2023-08-23 09:44:09.851 [main] UserTests2 - *****Getting  the User Data*****
[INFO ] 2023-08-23 09:44:11.386 [main] UserTests2 - *****Updating  the User Data*****
[INFO ] 2023-08-23 09:44:12.875 [main] UserTests2 - *****Deleting the User Data*****
[DEBUG] 2023-08-23 09:46:09.679 [main] UserTests2 - debugging ***********
[INFO ] 2023-08-23 09:46:09.720 [main] UserTests2 - *****Creating the User*****
[INFO ] 2023-08-23 09:46:18.617 [main] UserTests2 - *****Getting  the User Data*****
[INFO ] 2023-08-23 09:46:21.345 [main] UserTests2 - *****Updating  the User Data*****
[INFO ] 2023-08-23 09:46:22.759 [main] UserTests2 - *****Deleting the User Data*****
[DEBUG] 2023-08-23 10:04:52.853 [main] UserTests2 - debugging ***********
[INFO ] 2023-08-23 10:04:52.909 [main] UserTests2 - *****Creating the User*****
[INFO ] 2023-08-23 10:05:01.414 [main] UserTests2 - *****Getting  the User Data*****
[INFO ] 2023-08-23 10:05:04.056 [main] UserTests2 - *****Updating  the User Data*****
[INFO ] 2023-08-23 10:05:06.201 [main] UserTests2 - *****Deleting the User Data*****
[DEBUG] 2023-08-23 10:06:16.309 [main] UserTests2 - debugging ***********
[INFO ] 2023-08-23 10:06:16.337 [main] UserTests2 - *****Creating the User*****
[INFO ] 2023-08-23 10:06:25.910 [main] UserTests2 - *****Getting  the User Data*****
[INFO ] 2023-08-23 10:06:27.822 [main] UserTests2 - *****Updating  the User Data*****
[INFO ] 2023-08-23 10:06:29.662 [main] UserTests2 - *****Deleting the User Data*****
[DEBUG] 2023-08-23 10:07:17.771 [main] UserTests2 - debugging ***********
[INFO ] 2023-08-23 10:07:17.801 [main] UserTests2 - *****Creating the User*****
[INFO ] 2023-08-23 10:07:26.235 [main] UserTests2 - *****Getting  the User Data*****
[INFO ] 2023-08-23 10:07:28.244 [main] UserTests2 - *****Updating  the User Data*****
[INFO ] 2023-08-23 10:07:29.878 [main] UserTests2 - *****Deleting the User Data*****
[DEBUG] 2023-08-23 10:08:22.968 [main] UserTests2 - debugging ***********
[INFO ] 2023-08-23 10:08:22.996 [main] UserTests2 - *****Creating the User*****
[INFO ] 2023-08-23 10:08:30.104 [main] UserTests2 - *****Getting  the User Data*****
[INFO ] 2023-08-23 10:08:32.040 [main] UserTests2 - *****Updating  the User Data*****
[INFO ] 2023-08-23 10:08:33.977 [main] UserTests2 - *****Deleting the User Data*****
[DEBUG] 2023-08-23 10:11:35.350 [main] UserTests2 - debugging ***********
[INFO ] 2023-08-23 10:11:35.378 [main] UserTests2 - *****Creating the User*****
[INFO ] 2023-08-23 10:11:43.064 [main] UserTests2 - *****Getting  the User Data*****
[INFO ] 2023-08-23 10:11:44.961 [main] UserTests2 - *****Updating  the User Data*****
[INFO ] 2023-08-23 10:11:46.801 [main] UserTests2 - *****Deleting the User Data*****
[DEBUG] 2023-08-23 12:15:59.055 [main] UserTests2 - debugging ***********
[INFO ] 2023-08-23 12:15:59.093 [main] UserTests2 - *****Creating the User*****
[INFO ] 2023-08-23 12:16:04.543 [main] UserTests2 - *****Getting  the User Data*****
[INFO ] 2023-08-23 12:16:04.659 [main] UserTests2 - *****Updating  the User Data*****
[INFO ] 2023-08-23 12:16:04.793 [main] UserTests2 - *****Deleting the User Data*****
[DEBUG] 2023-08-23 12:16:49.324 [main] UserTests2 - debugging ***********
[INFO ] 2023-08-23 12:16:49.353 [main] UserTests2 - *****Creating the User*****
[INFO ] 2023-08-23 12:16:56.117 [main] UserTests2 - *****Getting  the User Data*****
[INFO ] 2023-08-23 12:16:58.693 [main] UserTests2 - *****Updating  the User Data*****
[INFO ] 2023-08-23 12:17:00.685 [main] UserTests2 - *****Deleting the User Data*****
[DEBUG] 2023-08-23 12:18:51.937 [main] UserTests2 - debugging ***********
[INFO ] 2023-08-23 12:18:51.980 [main] UserTests2 - *****Creating the User*****
[INFO ] 2023-08-23 12:18:58.653 [main] UserTests2 - *****Getting  the User Data*****
[INFO ] 2023-08-23 12:19:00.301 [main] UserTests2 - *****Updating  the User Data*****
[INFO ] 2023-08-23 12:19:01.934 [main] UserTests2 - *****Deleting the User Data*****
[DEBUG] 2023-08-23 12:19:38.303 [main] UserTests2 - debugging ***********
[INFO ] 2023-08-23 12:19:38.337 [main] UserTests2 - *****Creating the User*****
[INFO ] 2023-08-23 12:19:46.455 [main] UserTests2 - *****Getting  the User Data*****
[INFO ] 2023-08-23 12:19:48.124 [main] UserTests2 - *****Updating  the User Data*****
[INFO ] 2023-08-23 12:19:49.652 [main] UserTests2 - *****Deleting the User Data*****
[DEBUG] 2023-08-23 12:25:46.105 [main] UserTests2 - debugging ***********
[INFO ] 2023-08-23 12:25:46.143 [main] UserTests2 - *****Creating the User*****
[INFO ] 2023-08-23 12:25:52.648 [main] UserTests2 - *****Getting  the User Data*****
[INFO ] 2023-08-23 12:25:54.324 [main] UserTests2 - *****Updating  the User Data*****
[INFO ] 2023-08-23 12:25:55.948 [main] UserTests2 - *****Deleting the User Data*****
